#
# There is insufficient memory for the Java Runtime Environment to continue.
# Native memory allocation (malloc) failed to allocate 1048576 bytes for AllocateHeap
# Possible reasons:
#   The system is out of physical RAM or swap space
#   The process is running with CompressedOops enabled, and the Java Heap may be blocking the growth of the native heap
# Possible solutions:
#   Reduce memory load on the system
#   Increase physical memory or swap space
#   Check if swap backing store is full
#   Decrease Java heap size (-Xmx/-Xms)
#   Decrease number of Java threads
#   Decrease Java thread stack sizes (-Xss)
#   Set larger code cache with -XX:ReservedCodeCacheSize=
# This output file may be truncated or incomplete.
#
#  Out of Memory Error (./open/src/hotspot/share/memory/allocation.cpp:46), pid=21096, tid=18468
#
# JRE version:  (11.0.15.1+2) (build )
# Java VM: Java HotSpot(TM) 64-Bit Server VM (11.0.15.1+2-LTS-10, mixed mode, sharing, tiered, compressed oops, g1 gc, windows-amd64)
# No core dump will be written. Minidumps are not enabled by default on client versions of Windows
#

---------------  S U M M A R Y ------------

Command Line: -ea -Dfile.encoding=UTF-8 org.eclipse.jdt.internal.junit.runner.RemoteTestRunner -version 3 -port 55251 -testLoaderClass org.eclipse.jdt.internal.junit4.runner.JUnit4TestLoader -loaderpluginname org.eclipse.jdt.junit4.runtime -classNames com.star.webApp.runnerFiles.Runner

Host: Intel(R) Core(TM) i5-8250U CPU @ 1.60GHz, 8 cores, 11G,  Windows 11 , 64 bit Build 22621 (10.0.22621.1194)
Time: Thu Mar  9 19:19:55 2023 India Standard Time elapsed time: 0.015320 seconds (0d 0h 0m 0s)

---------------  T H R E A D  ---------------

Current thread (0x00000293fdf39000):  JavaThread "Unknown thread" [_thread_in_vm, id=18468, stack(0x000000ea9d500000,0x000000ea9d600000)]

Stack: [0x000000ea9d500000,0x000000ea9d600000]
Native frames: (J=compiled Java code, j=interpreted, Vv=VM code, C=native code)
V  [jvm.dll+0x629d8a]
V  [jvm.dll+0x7638ff]
V  [jvm.dll+0x764fa9]
V  [jvm.dll+0x765633]
V  [jvm.dll+0x23d9c8]
V  [jvm.dll+0xb1494]
V  [jvm.dll+0x2d6cd2]
V  [jvm.dll+0x2d0f29]
V  [jvm.dll+0x73df07]
V  [jvm.dll+0x73f79f]
V  [jvm.dll+0x346ab9]
V  [jvm.dll+0x723810]
V  [jvm.dll+0x3b56cf]
V  [jvm.dll+0x3b77e1]
C  [jli.dll+0x5207]
C  [ucrtbase.dll+0x29363]
C  [KERNEL32.DLL+0x126bd]
C  [ntdll.dll+0x5dfb8]


---------------  P R O C E S S  ---------------

Threads class SMR info:
_java_thread_list=0x00000293fbd1d190, length=0, elements={
}

Java Threads: ( => current thread )

Other Threads:
  0x00000293fdf4e000 GCTaskThread "GC Thread#0" [stack: 0x000000ea9d600000,0x000000ea9d700000] [id=21628]

[error occurred during error reporting (printing all threads), id 0xc0000005, EXCEPTION_ACCESS_VIOLATION (0xc0000005) at pc=0x00007ffa7471c290]

VM state:not at safepoint (not fully initialized)

VM Mutex/Monitor currently owned by a thread:  ([mutex/lock_event])
[0x00000293fdf33e70] Heap_lock - owner thread: 0x00000293fdf39000

Heap address: 0x0000000741400000, size: 3052 MB, Compressed Oops mode: Non-zero based: 0x0000000741400000
Narrow klass base: 0x0000000000000000, Narrow klass shift: 0

GC Heap History (0 events):
No events

Deoptimization events (0 events):
No events

Classes redefined (0 events):
No events

Internal exceptions (0 events):
No events

Events (0 events):
No events


Dynamic libraries:
0x00007ff71bd60000 - 0x00007ff71bd6f000 	C:\Program Files\Java\jdk-11.0.15.1\bin\javaw.exe
0x00007ffacf0b0000 - 0x00007ffacf2c4000 	C:\WINDOWS\SYSTEM32\ntdll.dll
0x00007ffacd7b0000 - 0x00007ffacd873000 	C:\WINDOWS\System32\KERNEL32.DLL
0x00007ffacca60000 - 0x00007ffaccdfc000 	C:\WINDOWS\System32\KERNELBASE.dll
0x00007ffacc770000 - 0x00007ffacc881000 	C:\WINDOWS\System32\ucrtbase.dll
0x00007ffab80e0000 - 0x00007ffab80f5000 	C:\Program Files\Java\jdk-11.0.15.1\bin\VCRUNTIME140.dll
0x00007ffabab00000 - 0x00007ffabab18000 	C:\Program Files\Java\jdk-11.0.15.1\bin\jli.dll
0x00007ffacd700000 - 0x00007ffacd7ae000 	C:\WINDOWS\System32\ADVAPI32.dll
0x00007ffacd880000 - 0x00007ffacd927000 	C:\WINDOWS\System32\msvcrt.dll
0x00007ffaccec0000 - 0x00007ffaccf64000 	C:\WINDOWS\System32\sechost.dll
0x00007ffaceef0000 - 0x00007ffacf005000 	C:\WINDOWS\System32\RPCRT4.dll
0x00007ffacd090000 - 0x00007ffacd23d000 	C:\WINDOWS\System32\USER32.dll
0x00007ffab3d30000 - 0x00007ffab3fbe000 	C:\WINDOWS\WinSxS\amd64_microsoft.windows.common-controls_6595b64144ccf1df_6.0.22621.608_none_a9444ca7c10bb01d\COMCTL32.dll
0x00007ffacc9b0000 - 0x00007ffacc9d6000 	C:\WINDOWS\System32\win32u.dll
0x00007ffacd6d0000 - 0x00007ffacd6f9000 	C:\WINDOWS\System32\GDI32.dll
0x00007ffacc890000 - 0x00007ffacc9a2000 	C:\WINDOWS\System32\gdi32full.dll
0x00007ffacc6d0000 - 0x00007ffacc76a000 	C:\WINDOWS\System32\msvcp_win.dll
0x00007ffacb1c0000 - 0x00007ffacb1ca000 	C:\WINDOWS\SYSTEM32\VERSION.dll
0x00007ffacd020000 - 0x00007ffacd052000 	C:\WINDOWS\System32\IMM32.DLL
0x00007ffab8040000 - 0x00007ffab80db000 	C:\Program Files\Java\jdk-11.0.15.1\bin\msvcp140.dll
0x00007ffa74440000 - 0x00007ffa74f56000 	C:\Program Files\Java\jdk-11.0.15.1\bin\server\jvm.dll
0x00007ffacd930000 - 0x00007ffacd938000 	C:\WINDOWS\System32\PSAPI.DLL
0x00007ffabf060000 - 0x00007ffabf069000 	C:\WINDOWS\SYSTEM32\WSOCK32.dll
0x00007ffac6130000 - 0x00007ffac6164000 	C:\WINDOWS\SYSTEM32\WINMM.dll
0x00007ffacedf0000 - 0x00007ffacee61000 	C:\WINDOWS\System32\WS2_32.dll
0x00007ffacb540000 - 0x00007ffacb558000 	C:\WINDOWS\SYSTEM32\kernel.appcore.dll
0x00007ffac9610000 - 0x00007ffac9620000 	C:\Program Files\Java\jdk-11.0.15.1\bin\verify.dll
0x00007ffabb4d0000 - 0x00007ffabb6fe000 	C:\WINDOWS\SYSTEM32\DBGHELP.DLL
0x00007ffacd940000 - 0x00007ffacdcca000 	C:\WINDOWS\System32\combase.dll
0x00007ffacea50000 - 0x00007ffaceb27000 	C:\WINDOWS\System32\OLEAUT32.dll
0x00007ffabb000000 - 0x00007ffabb032000 	C:\WINDOWS\SYSTEM32\dbgcore.DLL
0x00007ffacc9e0000 - 0x00007ffacca5b000 	C:\WINDOWS\System32\bcryptPrimitives.dll
0x00007ffab8010000 - 0x00007ffab8038000 	C:\Program Files\Java\jdk-11.0.15.1\bin\java.dll
0x00007ffac7660000 - 0x00007ffac766a000 	C:\Program Files\Java\jdk-11.0.15.1\bin\jimage.dll
0x00007ffab7ff0000 - 0x00007ffab8006000 	C:\Program Files\Java\jdk-11.0.15.1\bin\zip.dll

dbghelp: loaded successfully - version: 4.0.5 - missing functions: none
symbol engine: initialized successfully - sym options: 0x614 - pdb path: .;C:\Program Files\Java\jdk-11.0.15.1\bin;C:\WINDOWS\SYSTEM32;C:\WINDOWS\WinSxS\amd64_microsoft.windows.common-controls_6595b64144ccf1df_6.0.22621.608_none_a9444ca7c10bb01d;C:\Program Files\Java\jdk-11.0.15.1\bin\server

VM Arguments:
jvm_args: -ea -Dfile.encoding=UTF-8 
java_command: org.eclipse.jdt.internal.junit.runner.RemoteTestRunner -version 3 -port 55251 -testLoaderClass org.eclipse.jdt.internal.junit4.runner.JUnit4TestLoader -loaderpluginname org.eclipse.jdt.junit4.runtime -classNames com.star.webApp.runnerFiles.Runner
java_class_path (initial): F:\VrushaliTestingData\StarHealthInsurance\BehavioralDrivenApproach\StarHealthInsurance\target\test-classes;F:\VrushaliTestingData\StarHealthInsurance\BehavioralDrivenApproach\StarHealthInsurance\target\classes;C:\Users\Sachin\.m2\repository\org\seleniumhq\selenium\selenium-java\4.4.0\selenium-java-4.4.0.jar;C:\Users\Sachin\.m2\repository\org\seleniumhq\selenium\selenium-api\4.4.0\selenium-api-4.4.0.jar;C:\Users\Sachin\.m2\repository\org\seleniumhq\selenium\selenium-chrome-driver\4.4.0\selenium-chrome-driver-4.4.0.jar;C:\Users\Sachin\.m2\repository\com\google\auto\service\auto-service-annotations\1.0.1\auto-service-annotations-1.0.1.jar;C:\Users\Sachin\.m2\repository\com\google\auto\service\auto-service\1.0.1\auto-service-1.0.1.jar;C:\Users\Sachin\.m2\repository\com\google\auto\auto-common\1.2\auto-common-1.2.jar;C:\Users\Sachin\.m2\repository\com\google\guava\guava\31.1-jre\guava-31.1-jre.jar;C:\Users\Sachin\.m2\repository\com\google\guava\failureaccess\1.0.1\failureaccess-1.0.1.jar;C:\Users\Sachin\.m2\repository\com\google\guava\listenablefuture\9999.0-empty-to-avoid-conflict-with-guava\listenablefuture-9999.0-empty-to-avoid-conflict-with-guava.jar;C:\Users\Sachin\.m2\repository\org\checkerframework\checker-qual\3.12.0\checker-qual-3.12.0.jar;C:\Users\Sachin\.m2\repository\com\google\errorprone\error_prone_annotations\2.11.0\error_prone_annotations-2.11.0.jar;C:\Users\Sachin\.m2\repository\com\google\j2objc\j2objc-annotations\1.3\j2objc-annotations-1.3.jar;C:\Users\Sachin\.m2\repository\org\seleniumhq\selenium\selenium-chromium-driver\4.4.0\selenium-chromium-driver-4.4.0.jar;C:\Users\Sachin\.m2\repository\org\seleniumhq\selenium\selenium-json\4.4.0\selenium-json-4.4.0.jar;C:\Users\Sachin\.m2\repository\org\seleniumhq\selenium\selenium-devtools-v102\4.4.0\selenium-devtools-v102-4.4.0.jar;C:\Users\Sachin\.m2\repository\org\seleniumhq\selenium\selenium-devtools-v103\4.4.0\selenium-devtools-v103-4.4.0.jar;C:\Users\Sachin\.m2\repository\org
Launcher Type: SUN_STANDARD

[Global flags]
     intx CICompilerCount                          = 4                                         {product} {ergonomic}
     uint ConcGCThreads                            = 2                                         {product} {ergonomic}
     uint G1ConcRefinementThreads                  = 8                                         {product} {ergonomic}
   size_t G1HeapRegionSize                         = 1048576                                   {product} {ergonomic}
    uintx GCDrainStackTargetSize                   = 64                                        {product} {ergonomic}
   size_t InitialHeapSize                          = 201326592                                 {product} {ergonomic}
   size_t MarkStackSize                            = 4194304                                   {product} {ergonomic}
   size_t MaxHeapSize                              = 3200253952                                {product} {ergonomic}
   size_t MinHeapDeltaBytes                        = 1048576                                   {product} {ergonomic}
    uintx NonNMethodCodeHeapSize                   = 5836300                                {pd product} {ergonomic}
    uintx NonProfiledCodeHeapSize                  = 122910970                              {pd product} {ergonomic}
    uintx ProfiledCodeHeapSize                     = 122910970                              {pd product} {ergonomic}
    uintx ReservedCodeCacheSize                    = 251658240                              {pd product} {ergonomic}
     bool SegmentedCodeCache                       = true                                      {product} {ergonomic}
     bool UseCompressedClassPointers               = true                                 {lp64_product} {ergonomic}
     bool UseCompressedOops                        = true                                 {lp64_product} {ergonomic}
     bool UseG1GC                                  = true                                      {product} {ergonomic}
     bool UseLargePagesIndividualAllocation        = false                                  {pd product} {ergonomic}

Logging:
Log output configuration:
 #0: stdout all=warning uptime,level,tags
 #1: stderr all=off uptime,level,tags

Environment Variables:
JAVA_HOME=C:\Program Files\Java\jdk-11.0.15.1\
PATH=C:\Program Files\Common Files\Oracle\Java\javapath;C:\WINDOWS\system32;C:\WINDOWS;C:\WINDOWS\System32\Wbem;C:\WINDOWS\System32\WindowsPowerShell\v1.0\;C:\WINDOWS\System32\OpenSSH\;C:\Program Files (x86)\dotnet\;C:\Program Files\Java\jdk-11.0.15.1\bin;C:\Program Files\apache-maven-3.8.6\bin;C:\Program Files\Git\cmd;C:\Program Files\Git\bin\;C:\Program Files\nodejs\;C:\Program Files\nodejs\node_modules;C:\Program Files\MySQL\MySQL Shell 8.0\bin\;C:\Users\Sachin\AppData\Local\Microsoft\WindowsApps;C:\Users\Sachin\AppData\Roaming\npm
USERNAME=Sachin
OS=Windows_NT
PROCESSOR_IDENTIFIER=Intel64 Family 6 Model 142 Stepping 10, GenuineIntel



---------------  S Y S T E M  ---------------

OS: Windows 11 , 64 bit Build 22621 (10.0.22621.1194)

CPU:total 8 (initial active 8) (4 cores per cpu, 2 threads per core) family 6 model 142 stepping 10 microcode 0xe0, cmov, cx8, fxsr, mmx, sse, sse2, sse3, ssse3, sse4.1, sse4.2, popcnt, avx, avx2, aes, clmul, erms, 3dnowpref, lzcnt, ht, tsc, tscinvbit, bmi1, bmi2, adx, fma

Memory: 4k page, system-wide physical 12204M (5273M free)
TotalPageFile size 27311M (AvailPageFile size 5M)
current process WorkingSet (physical memory assigned to process): 10M, peak: 10M
current process commit charge ("private bytes"): 56M, peak: 57M

vm_info: Java HotSpot(TM) 64-Bit Server VM (11.0.15.1+2-LTS-10) for windows-amd64 JRE (11.0.15.1+2-LTS-10), built on Apr 25 2022 21:51:57 by "mach5one" with MS VC++ 15.9 (VS2017)

END.
